*************************************************************************                           
05/04/2017 16:30:02 , ulmutdb01 , PROD                                                              
-----------------------------------------------------------------------                             
----------- Pair No 1 -------------------------------------                                         
Cause of lock is Program : JDBC Thin Client                                                         
Action                   :                                                                          
MODULE                   : JDBC Thin Client                                                         
OS user                  : applprod                                                                 
Machine                  : ulmutap01.tnuva.co.il                                                    
Alter System Kill Session '915,1339';                                                               
*****************************************                                                           
Program that Wait for lock : JDBC Thin Client                                                       
Action                     :                                                                        
MODULE                     : JDBC Thin Client                                                       
OS user                    : applprod                                                               
Machine                    : ulmutap01.tnuva.co.il                                                  
sid & serial#              : 456 & 45237                                                            
-----------------------------------------------------------------------                             
----------- Pair No 2 -------------------------------------                                         
Cause of lock is Program :                                                                          
Action                   : FRM:TG121:בסיסי תנגל                                                     
MODULE                   : XXOPM_PROD_SCREEN_TNG                                                    
OS user                  : applprod                                                                 
Machine                  : ulmutap01                                                                
Alter System Kill Session '1418,461';                                                               
*****************************************                                                           
Program that Wait for lock :                                                                        
Action                     : FRM:TG120:בסיסי תנגל                                                   
MODULE                     : XXOPM_PROD_SCREEN_TNG                                                  
OS user                    : applprod                                                               
Machine                    : ulmutap01                                                              
sid & serial#              : 564 & 7817                                                             
-----------------------------------------------------------------------                             
----------- Pair No 3 -------------------------------------                                         
Cause of lock is Program :                                                                          
Action                   : FRM:TG121:בסיסי תנגל                                                     
MODULE                   : XXOPM_PROD_SCREEN_TNG                                                    
OS user                  : applprod                                                                 
Machine                  : ulmutap01                                                                
Alter System Kill Session '1418,461';                                                               
*****************************************                                                           
Program that Wait for lock : JDBC Thin Client                                                       
Action                     :                                                                        
MODULE                     : XXOPM_PROD_SCREEN_TNG                                                  
OS user                    : applprod                                                               
Machine                    : ulmutap01.tnuva.co.il                                                  
sid & serial#              : 806 & 31775                                                            
-----------------------------------------------------------------------                             
----------- Pair No 4 -------------------------------------                                         
Cause of lock is Program :                                                                          
Action                   : FRM:TG121:בסיסי תנגל                                                     
MODULE                   : XXOPM_PROD_SCREEN_TNG                                                    
OS user                  : applprod                                                                 
Machine                  : ulmutap01                                                                
Alter System Kill Session '1418,461';                                                               
*****************************************                                                           
Program that Wait for lock : JDBC Thin Client                                                       
Action                     :                                                                        
MODULE                     : XXOPM_PROD_SCREEN_TNG                                                  
OS user                    : applprod                                                               
Machine                    : ulmutap01.tnuva.co.il                                                  
sid & serial#              : 914 & 9389                                                             
-----------------------------------------------------------------------                             
----------- Pair No 5 -------------------------------------                                         
Cause of lock is Program :                                                                          
Action                   : FRM:TG121:בסיסי תנגל                                                     
MODULE                   : XXOPM_PROD_SCREEN_TNG                                                    
OS user                  : applprod                                                                 
Machine                  : ulmutap01                                                                
Alter System Kill Session '1418,461';                                                               
*****************************************                                                           
Program that Wait for lock : JDBC Thin Client                                                       
Action                     :                                                                        
MODULE                     : XXOPM_PROD_SCREEN_TNG                                                  
OS user                    : applprod                                                               
Machine                    : ulmutap01.tnuva.co.il                                                  
sid & serial#              : 915 & 1339                                                             
-----------------------------------------------------------------------                             
----------- Pair No 6 -------------------------------------                                         
Cause of lock is Program :                                                                          
Action                   : FRM:SAMIRN:תפעול בסיסי                                                   
MODULE                   : RCVRCERC                                                                 
OS user                  : applprod                                                                 
Machine                  : ulmutap01                                                                
Alter System Kill Session '7,55089';                                                                
*****************************************                                                           
Program that Wait for lock :                                                                        
Action                     : FRM:TG121:בסיסי תנגל                                                   
MODULE                     : RCVRCERC                                                               
OS user                    : applprod                                                               
Machine                    : ulmutap01                                                              
sid & serial#              : 1418 & 461                                                             
-----------------------------------------------------------------------                             
----------- Pair No 7 -------------------------------------                                         
Cause of lock is Program : JDBC Thin Client                                                         
Action                   :                                                                          
MODULE                   : JDBC Thin Client                                                         
OS user                  : applprod                                                                 
Machine                  : ulmutap01.tnuva.co.il                                                    
Alter System Kill Session '915,1339';                                                               
*****************************************                                                           
Program that Wait for lock : JDBC Thin Client                                                       
Action                     :                                                                        
MODULE                     : JDBC Thin Client                                                       
OS user                    : applprod                                                               
Machine                    : ulmutap01.tnuva.co.il                                                  
sid & serial#              : 1507 & 3017                                                            
