SQL> @/u01_share/DBA/scripts/MON/monitor_jdbc_coonn.sql
SP2-0310: unable to open file "/u01_share/DBA/scripts/MON/monitor_jdbc_coonn.sql"
SQL> set lines 250
SQL> @/u01_share/DBA/scripts/MON/monitor_jdbc_conn.sql
=======================================================
JDBC Connections

TIME                                                                                                                                
-----------------------                                                                                                             
08-jul-2014 16:45                                                                                                                   

=======================================================
=======================================================
No of Instances

INSTANCE_ID   COUNT(*)                                                                                                              
----------- ----------                                                                                                              
          1        943                                                                                                              

=======================================================

JDBC Connection Usage Per JVM Process
~~~~~~~~~~~~~~~~~~~~~~~~~~~~~~~~

Machine Name              Process ID   COUNT(*)                                                                                     
------------------------- ---------- ----------                                                                                     
ulerp02.tnuva.co.il       10375             106                                                                                     
ulerp02.tnuva.co.il       10376             122                                                                                     
ulerp02.tnuva.co.il       10377             136                                                                                     
ulerp02.tnuva.co.il       13402              19                                                                                     
ulerp02.tnuva.co.il       13412               7                                                                                     
ulerp02.tnuva.co.il       13422               7                                                                                     
ulerp02.tnuva.co.il       13452               7                                                                                     
ulerp02.tnuva.co.il       13467              11                                                                                     

8 rows selected.


Connection Usage Per Module
~~~~~~~~~~~~~~~~~~~~~~~~~~~~~~~~

  COUNT(*) Module Name                                                                                                              
---------- ------------------------------------------------                                                                         
         1 e::bes:oracle.apps.wf.notification.send                                                                                  
         1 APPS:SVC:GSM:WFALSNRSVC:901712                                                                                           
         1 e:SYSADMIN:gsm:WFALSNRSVC:10023:InboundThread1                                                                           
         1 fun.netting.batch.server.NetBatchUpdateAM:R                                                                              
         1 e:SQLAP:fwk:ap.payments.psr.server.PsrAM                                                                                 
         1 e:AR:fwk:ar.cusstd.busPurDetails.server.ArBusPur                                                                         
         1 e:SYSADMIN:gsm:WFALSNRSVC:10041:InboundThread1                                                                           
         1 e:SYSADMIN:gsm:WFALSNRSVC:10000:InboundThread1                                                                           
         1 fnd.framework.server.OADialogAM:R                                                                                        
         1 e:SYSADMIN:gsm:WFWSSVC:ComponentMonitor                                                                                  
         1 APPS:SVC:GSM:WFWSSVC:901714                                                                                              
         1 e:SYSADMIN:gsm:WFALSNRSVC:10020:InboundThread1                                                                           
         1 e:SQLAP:fwk:fun.netting.batch.server.NetBatchAM                                                                          
         1 APPS:SVC:GSM:WFMLRSVC:901716                                                                                             
         1 e:SYSADMIN:fwk:fnd.framework.navigate.server.OAN                                                                         
         1 iby.disbursement.transaction.payment.server.R:R                                                                          
         1 e:SQLAP:fwk:fnd.framework.navigate.server.OANavi                                                                         
         1 e:SYSADMIN:gsm:WFMailerOAF:BES Dispatch Thread                                                                           
         1 e:SQLAP:fwk:fun.netting.batch.server.NetBatchSea                                                                         
         1 pos.supplier.server.SuppSummAM:R                                                                                         
         1 e:AR:bes:oracle.apps.ar.hz.CustAcctSite.update                                                                           
         1 e:PO:fwk:fnd.wf.worklist.server.WorklistAM                                                                               
         1 e:SYSADMIN:gsm:WFALSNRSVC:10003:InboundThread1                                                                           
         1 e:PO:fwk:fnd.wf.worklist.server.DummyAM                                                                                  
         1 FNDCPOPP                                                                                                                 
         1 WFMLRSVC                                                                                                                 
         1 e:PO:bes:racle.apps.icx.security.session.created                                                                         
         1 e:SYSADMIN:gsm:WFALSNRSVC:10022:InboundThread1                                                                           
         1 po.document.server.DocumentAM:R                                                                                          
         1 e:SYSADMIN:gsm:WFALSNRSVC:10001:InboundThread1                                                                           
         1 e:PA:fwk:fnd.wf.worklist.server.NotificationsAM                                                                          
         1 e:SYSADMIN:gsm:WFALSNRSVC:10040:InboundThread1                                                                           
         1 WFALSNRSVC                                                                                                               
         1 e:SYSADMIN:bes:oracle.apps.wf.notification.send                                                                          
         1 WFWSSVC                                                                                                                  
         1 e:XXAU:fwk:fnd.server.UploadDownloadAM                                                                                   
         1 e:SYSADMIN:gsm:WFMLRSVC:10006:OutboundThread1                                                                            
         1 e:SYSADMIN:gsm:WFWSSVC:10021:OutboundThread1                                                                             
         1 e:SYSADMIN:gsm:WFMLRSVC:10006:InboundThread1                                                                             
         1 XDP_APPL_SVC                                                                                                             
         1 e:SQLAP:fwk:pos.sbd.server.ByrMainAM                                                                                     
         1 e:SQLGL:bes:le.apps.icx.security.session.created                                                                         
         1 fnd.framework.favorites.server.ICXFavoritesAM:R                                                                          
         1 e:SYSADMIN:fwk:fnd.umx.userAdmin.server.UserSear                                                                         
         1 e:SQLAP:fwk:fnd.framework.server.OADialogAM                                                                              
         1 fnd.wf.worklist.server.NotificationsAM:R                                                                                 
         1 e:SYSADMIN:bes:racle.apps.fnd.wf.ds.user.updated                                                                         
         1 e:PO:bes:oracle.apps.wf.notification.respond                                                                             
         2 e:SQLAP:fwk:pos.supplier.server.ByrSuppAM                                                                                
         2 e:SQLAP:fwk:fnd.sso.login.server.MainLoginPageAM                                                                         
         2 e::fwk:fnd.wf.worklist.server.DummyAM                                                                                    
         2 e:PO:fwk:po.setup.server.PurchasingSetupAM                                                                               
         2 e:SYSADMIN:bes:pps.fnd.cp.gsc.SvcComponent.start                                                                         
         2 po.contract.server.PoxSysVariableAM:R                                                                                    
         2 fnd.wf.worklist.server.WorklistAM:R                                                                                      
         2 e:SYSADMIN:fwk:fnd.wf.worklist.server.WorklistAM                                                                         
         2 e:SQLAP:fwk:ap.payments.server.HomeAM                                                                                    
         2 e:SYSADMIN:gsm:WFMailerOAF:outboundThreadGroup1                                                                          
         2 e::bes:oracle.apps.wf.notification.respond                                                                               
         2 e:PO:fwk:po.document.server.DocumentAM                                                                                   
         3 e:SQLAP:fwk:pos.supplier.server.SuppSummAM                                                                               
         3 e::fwk:fnd.wf.worklist.server.WorklistAM                                                                                 
         3 e::fwk:fnd.framework.favorites.server.ICXFavorit                                                                         
         4 e::fwk:fnd.framework.server.OAApplicationModule                                                                          
         4 e:AR:fwk:fnd.server.UploadDownloadAM                                                                                     
         4 e:PO:fwk:fnd.wf.worklist.server.NotificationsAM                                                                          
         4 e:SQLGL:fwk:fnd.framework.navigate.server.OANavi                                                                         
         5 e:AR:fwk:fnd.framework.navigate.server.OANavigat                                                                         
         7 fnd.server.UploadDownloadAM:R                                                                                            
         7 e:PO:fwk:fnd.framework.navigate.server.OANavigat                                                                         
         8 fnd.framework.navigate.server.OANavigatePortl:R                                                                          
         9 e::bes:oracle.apps.icx.security.session.created                                                                          
        10 e:PO:bes:oracle.apps.wf.notification.send                                                                                
        11 fnd.sso.login.server.MainLoginPageAM:R                                                                                   
        11 e:SQLGL:fwk:fnd.sso.login.server.MainLoginPageAM                                                                         
        12 fnd.framework.service.lookups.server.LookUpAM:R                                                                          
        12 e:AR:fwk:fnd.sso.login.server.MainLoginPageAM                                                                            
        12 e:PO:fwk:fnd.sso.login.server.MainLoginPageAM                                                                            
        14 e:SQLAP:fwk:fnd.server.UploadDownloadAM                                                                                  
        14 e:PO:fwk:po.contract.server.PoxSysVariableAM                                                                             
        14 e:PO:fwk:fnd.server.UploadDownloadAM                                                                                     
        33 JDBC Thin Client                                                                                                         
        44 e::fwk:fnd.sso.login.server.MainLoginPageAM                                                                              
        95 e::fwk:fnd.framework.navigate.server.OANavigateP                                                                         

84 rows selected.


Connection Usage Per process and module
~~~~~~~~~~~~~~~~~~~~~~~~~~~~~~~~

  COUNT(*) Machine Name              Process ID Module Name                                                                         
---------- ------------------------- ---------- ------------------------------------------------                                    
         1 ulerp02.tnuva.co.il       10376      e:SQLAP:fwk:fnd.sso.login.server.MainLoginPageAM                                    
         1 ulerp02.tnuva.co.il       10375      po.contract.server.PoxSysVariableAM:R                                               
         1 ulerp02.tnuva.co.il       13402      e:SYSADMIN:gsm:WFALSNRSVC:10001:InboundThread1                                      
         1 ulerp02.tnuva.co.il       10377      e:PA:fwk:fnd.wf.worklist.server.NotificationsAM                                     
         1 ulerp02.tnuva.co.il       10377      e:SQLAP:fwk:ap.payments.server.HomeAM                                               
         1 ulerp02.tnuva.co.il       10377      e::bes:oracle.apps.wf.notification.send                                             
         1 ulerp02.tnuva.co.il       10377      fnd.wf.worklist.server.NotificationsAM:R                                            
         1 ulerp02.tnuva.co.il       13402      e:SYSADMIN:bes:racle.apps.fnd.wf.ds.user.updated                                    
         1 ulerp02.tnuva.co.il       13402      APPS:SVC:GSM:WFALSNRSVC:901712                                                      
         1 ulerp02.tnuva.co.il       10375      e::fwk:fnd.framework.favorites.server.ICXFavorit                                    
         1 ulerp02.tnuva.co.il       10376      e:SQLGL:fwk:fnd.framework.navigate.server.OANavi                                    
         1 ulerp02.tnuva.co.il       10375      e:SYSADMIN:fwk:fnd.umx.userAdmin.server.UserSear                                    
         1 ulerp02.tnuva.co.il       10375      e:PO:fwk:po.document.server.DocumentAM                                              
         1 ulerp02.tnuva.co.il       13402      e:PO:bes:oracle.apps.wf.notification.send                                           
         1 ulerp02.tnuva.co.il       13422      e:SYSADMIN:gsm:WFWSSVC:10021:OutboundThread1                                        
         1 ulerp02.tnuva.co.il       10376      e:SQLGL:bes:le.apps.icx.security.session.created                                    
         1 ulerp02.tnuva.co.il       10377      po.contract.server.PoxSysVariableAM:R                                               
         1 ulerp02.tnuva.co.il       10375      e:AR:fwk:fnd.framework.navigate.server.OANavigat                                    
         1 ulerp02.tnuva.co.il       13402      e:SYSADMIN:gsm:WFALSNRSVC:10023:InboundThread1                                      
         1 ulerp02.tnuva.co.il       13402      WFALSNRSVC                                                                          
         1 ulerp02.tnuva.co.il       10375      e:SQLAP:fwk:pos.supplier.server.SuppSummAM                                          
         1 ulerp02.tnuva.co.il       10376      fnd.framework.server.OADialogAM:R                                                   
         1 ulerp02.tnuva.co.il       13402      e:SYSADMIN:bes:oracle.apps.wf.notification.send                                     
         1 ulerp02.tnuva.co.il       10375      e:SYSADMIN:fwk:fnd.framework.navigate.server.OAN                                    
         1 ulerp02.tnuva.co.il       10375      pos.supplier.server.SuppSummAM:R                                                    
         1 ulerp02.tnuva.co.il       10375      iby.disbursement.transaction.payment.server.R:R                                     
         1 ulerp02.tnuva.co.il       10377      e:SQLAP:fwk:fnd.sso.login.server.MainLoginPageAM                                    
         1 ulerp02.tnuva.co.il       10377      e:PO:fwk:fnd.wf.worklist.server.WorklistAM                                          
         1 ulerp02.tnuva.co.il       10376      fnd.wf.worklist.server.WorklistAM:R                                                 
         1 ulerp02.tnuva.co.il       13402      e:SYSADMIN:gsm:WFALSNRSVC:10000:InboundThread1                                      
         1 ulerp02.tnuva.co.il       13402      e:SYSADMIN:gsm:WFALSNRSVC:10020:InboundThread1                                      
         1 ulerp02.tnuva.co.il       13467      WFMLRSVC                                                                            
         1 ulerp02.tnuva.co.il       13422      WFWSSVC                                                                             
         1 ulerp02.tnuva.co.il       10376      e:SQLAP:fwk:fun.netting.batch.server.NetBatchSea                                    
         1 ulerp02.tnuva.co.il       10375      e:SQLAP:fwk:ap.payments.psr.server.PsrAM                                            
         1 ulerp02.tnuva.co.il       10375      e:SQLGL:fwk:fnd.framework.navigate.server.OANavi                                    
         1 ulerp02.tnuva.co.il       10376      e::fwk:fnd.wf.worklist.server.WorklistAM                                            
         1 ulerp02.tnuva.co.il       13402      e:SYSADMIN:gsm:WFALSNRSVC:10041:InboundThread1                                      
         1 ulerp02.tnuva.co.il       13402      e:SYSADMIN:gsm:WFALSNRSVC:10040:InboundThread1                                      
         1 ulerp02.tnuva.co.il       10376      e:SQLAP:fwk:fun.netting.batch.server.NetBatchAM                                     
         1 ulerp02.tnuva.co.il       13412      FNDCPOPP                                                                            
         1 ulerp02.tnuva.co.il       13452      XDP_APPL_SVC                                                                        
         1 ulerp02.tnuva.co.il       10376      e:SQLAP:fwk:pos.sbd.server.ByrMainAM                                                
         1 ulerp02.tnuva.co.il       13402      e:SYSADMIN:gsm:WFALSNRSVC:10022:InboundThread1                                      
         1 ulerp02.tnuva.co.il       10375      e:AR:fwk:ar.cusstd.busPurDetails.server.ArBusPur                                    
         1 ulerp02.tnuva.co.il       10376      e:PO:bes:oracle.apps.wf.notification.respond                                        
         1 ulerp02.tnuva.co.il       10376      e:SYSADMIN:fwk:fnd.wf.worklist.server.WorklistAM                                    
         1 ulerp02.tnuva.co.il       10376      e:SQLAP:fwk:fnd.framework.navigate.server.OANavi                                    
         1 ulerp02.tnuva.co.il       13467      e:SYSADMIN:gsm:WFMLRSVC:10006:OutboundThread1                                       
         1 ulerp02.tnuva.co.il       10377      e::fwk:fnd.framework.server.OAApplicationModule                                     
         1 ulerp02.tnuva.co.il       13467      e:SYSADMIN:bes:pps.fnd.cp.gsc.SvcComponent.start                                    
         1 ulerp02.tnuva.co.il       10377      e:PO:fwk:po.document.server.DocumentAM                                              
         1 ulerp02.tnuva.co.il       13467      APPS:SVC:GSM:WFMLRSVC:901716                                                        
         1 ulerp02.tnuva.co.il       13467      e:SYSADMIN:gsm:WFMLRSVC:10006:InboundThread1                                        
         1 ulerp02.tnuva.co.il       10375      fnd.wf.worklist.server.WorklistAM:R                                                 
         1 ulerp02.tnuva.co.il       10375      e:SYSADMIN:fwk:fnd.wf.worklist.server.WorklistAM                                    
         1 ulerp02.tnuva.co.il       10376      fun.netting.batch.server.NetBatchUpdateAM:R                                         
         1 ulerp02.tnuva.co.il       10377      e::bes:oracle.apps.icx.security.session.created                                     
         1 ulerp02.tnuva.co.il       10376      po.document.server.DocumentAM:R                                                     
         1 ulerp02.tnuva.co.il       10376      e:SQLAP:fwk:ap.payments.server.HomeAM                                               
         1 ulerp02.tnuva.co.il       10375      e:PO:fwk:fnd.wf.worklist.server.DummyAM                                             
         1 ulerp02.tnuva.co.il       13402      e:SYSADMIN:bes:pps.fnd.cp.gsc.SvcComponent.start                                    
         1 ulerp02.tnuva.co.il       10377      e:PO:fwk:fnd.framework.navigate.server.OANavigat                                    
         1 ulerp02.tnuva.co.il       10377      e:XXAU:fwk:fnd.server.UploadDownloadAM                                              
         1 ulerp02.tnuva.co.il       10375      fnd.framework.favorites.server.ICXFavoritesAM:R                                     
         1 ulerp02.tnuva.co.il       10375      e:AR:bes:oracle.apps.ar.hz.CustAcctSite.update                                      
         1 ulerp02.tnuva.co.il       10376      e:SQLAP:fwk:fnd.framework.server.OADialogAM                                         
         1 ulerp02.tnuva.co.il       13402      e:SYSADMIN:gsm:WFALSNRSVC:10003:InboundThread1                                      
         1 ulerp02.tnuva.co.il       10375      e::fwk:fnd.framework.server.OAApplicationModule                                     
         1 ulerp02.tnuva.co.il       13467      e:SYSADMIN:gsm:WFMailerOAF:BES Dispatch Thread                                      
         1 ulerp02.tnuva.co.il       13422      e:SYSADMIN:gsm:WFWSSVC:ComponentMonitor                                             
         1 ulerp02.tnuva.co.il       13422      APPS:SVC:GSM:WFWSSVC:901714                                                         
         1 ulerp02.tnuva.co.il       10377      e:PO:bes:racle.apps.icx.security.session.created                                    
         2 ulerp02.tnuva.co.il       10377      e:PO:fwk:po.setup.server.PurchasingSetupAM                                          
         2 ulerp02.tnuva.co.il       10375      e:PO:fwk:fnd.sso.login.server.MainLoginPageAM                                       
         2 ulerp02.tnuva.co.il       10376      e:AR:fwk:fnd.server.UploadDownloadAM                                                
         2 ulerp02.tnuva.co.il       10375      fnd.sso.login.server.MainLoginPageAM:R                                              
         2 ulerp02.tnuva.co.il       10375      e:PO:fwk:fnd.framework.navigate.server.OANavigat                                    
         2 ulerp02.tnuva.co.il       10376      e:SQLAP:fwk:pos.supplier.server.SuppSummAM                                          
         2 ulerp02.tnuva.co.il       10377      JDBC Thin Client                                                                    
         2 ulerp02.tnuva.co.il       10376      e:SQLAP:fwk:pos.supplier.server.ByrSuppAM                                           
         2 ulerp02.tnuva.co.il       10377      e:PO:bes:oracle.apps.wf.notification.send                                           
         2 ulerp02.tnuva.co.il       10377      e:SQLGL:fwk:fnd.framework.navigate.server.OANavi                                    
         2 ulerp02.tnuva.co.il       10376      e:PO:fwk:fnd.wf.worklist.server.NotificationsAM                                     
         2 ulerp02.tnuva.co.il       10377      e:AR:fwk:fnd.framework.navigate.server.OANavigat                                    
         2 ulerp02.tnuva.co.il       13467      e:SYSADMIN:gsm:WFMailerOAF:outboundThreadGroup1                                     
         2 ulerp02.tnuva.co.il       10376      e::fwk:fnd.framework.server.OAApplicationModule                                     
         2 ulerp02.tnuva.co.il       10377      e::fwk:fnd.wf.worklist.server.WorklistAM                                            
         2 ulerp02.tnuva.co.il       10376      e::fwk:fnd.wf.worklist.server.DummyAM                                               
         2 ulerp02.tnuva.co.il       10375      e:AR:fwk:fnd.server.UploadDownloadAM                                                
         2 ulerp02.tnuva.co.il       10377      e::fwk:fnd.framework.favorites.server.ICXFavorit                                    
         2 ulerp02.tnuva.co.il       10376      fnd.framework.navigate.server.OANavigatePortl:R                                     
         2 ulerp02.tnuva.co.il       10377      e:PO:fwk:fnd.wf.worklist.server.NotificationsAM                                     
         2 ulerp02.tnuva.co.il       10376      e:PO:fwk:fnd.sso.login.server.MainLoginPageAM                                       
         2 ulerp02.tnuva.co.il       10376      e:AR:fwk:fnd.framework.navigate.server.OANavigat                                    
         2 ulerp02.tnuva.co.il       10377      e::bes:oracle.apps.wf.notification.respond                                          
         3 ulerp02.tnuva.co.il       10376      e:SQLGL:fwk:fnd.sso.login.server.MainLoginPageAM                                    
         3 ulerp02.tnuva.co.il       10377      e:SQLGL:fwk:fnd.sso.login.server.MainLoginPageAM                                    
         3 ulerp02.tnuva.co.il       13422      JDBC Thin Client                                                                    
         3 ulerp02.tnuva.co.il       10375      e:PO:bes:oracle.apps.wf.notification.send                                           
         3 ulerp02.tnuva.co.il       10376      e::bes:oracle.apps.icx.security.session.created                                     
         3 ulerp02.tnuva.co.il       10375      e:PO:fwk:po.contract.server.PoxSysVariableAM                                        
         3 ulerp02.tnuva.co.il       10375      fnd.framework.navigate.server.OANavigatePortl:R                                     
         3 ulerp02.tnuva.co.il       10377      fnd.framework.navigate.server.OANavigatePortl:R                                     
         3 ulerp02.tnuva.co.il       13467      JDBC Thin Client                                                                    
         3 ulerp02.tnuva.co.il       10377      fnd.server.UploadDownloadAM:R                                                       
         3 ulerp02.tnuva.co.il       10375      e:SQLAP:fwk:fnd.server.UploadDownloadAM                                             
         3 ulerp02.tnuva.co.il       10377      e:SQLAP:fwk:fnd.server.UploadDownloadAM                                             
         3 ulerp02.tnuva.co.il       10375      e:AR:fwk:fnd.sso.login.server.MainLoginPageAM                                       
         3 ulerp02.tnuva.co.il       10377      fnd.framework.service.lookups.server.LookUpAM:R                                     
         4 ulerp02.tnuva.co.il       10376      e:PO:fwk:fnd.framework.navigate.server.OANavigat                                    
         4 ulerp02.tnuva.co.il       10375      JDBC Thin Client                                                                    
         4 ulerp02.tnuva.co.il       10376      fnd.sso.login.server.MainLoginPageAM:R                                              
         4 ulerp02.tnuva.co.il       10376      fnd.framework.service.lookups.server.LookUpAM:R                                     
         4 ulerp02.tnuva.co.il       10376      e:PO:fwk:po.contract.server.PoxSysVariableAM                                        
         4 ulerp02.tnuva.co.il       10376      e:AR:fwk:fnd.sso.login.server.MainLoginPageAM                                       
         4 ulerp02.tnuva.co.il       10376      JDBC Thin Client                                                                    
         4 ulerp02.tnuva.co.il       10377      e:PO:fwk:fnd.server.UploadDownloadAM                                                
         4 ulerp02.tnuva.co.il       10376      e:PO:bes:oracle.apps.wf.notification.send                                           
         4 ulerp02.tnuva.co.il       10376      fnd.server.UploadDownloadAM:R                                                       
         5 ulerp02.tnuva.co.il       10377      fnd.sso.login.server.MainLoginPageAM:R                                              
         5 ulerp02.tnuva.co.il       13402      JDBC Thin Client                                                                    
         5 ulerp02.tnuva.co.il       10377      e:AR:fwk:fnd.sso.login.server.MainLoginPageAM                                       
         5 ulerp02.tnuva.co.il       10375      e::bes:oracle.apps.icx.security.session.created                                     
         5 ulerp02.tnuva.co.il       10376      e:PO:fwk:fnd.server.UploadDownloadAM                                                
         5 ulerp02.tnuva.co.il       10375      fnd.framework.service.lookups.server.LookUpAM:R                                     
         5 ulerp02.tnuva.co.il       10375      e:SQLGL:fwk:fnd.sso.login.server.MainLoginPageAM                                    
         5 ulerp02.tnuva.co.il       10375      e:PO:fwk:fnd.server.UploadDownloadAM                                                
         6 ulerp02.tnuva.co.il       13412      JDBC Thin Client                                                                    
         6 ulerp02.tnuva.co.il       13452      JDBC Thin Client                                                                    
         7 ulerp02.tnuva.co.il       10377      e:PO:fwk:po.contract.server.PoxSysVariableAM                                        
         8 ulerp02.tnuva.co.il       10376      e:SQLAP:fwk:fnd.server.UploadDownloadAM                                             
         8 ulerp02.tnuva.co.il       10377      e:PO:fwk:fnd.sso.login.server.MainLoginPageAM                                       
        11 ulerp02.tnuva.co.il       10376      e::fwk:fnd.sso.login.server.MainLoginPageAM                                         
        13 ulerp02.tnuva.co.il       10375      e::fwk:fnd.sso.login.server.MainLoginPageAM                                         
        20 ulerp02.tnuva.co.il       10377      e::fwk:fnd.sso.login.server.MainLoginPageAM                                         
        26 ulerp02.tnuva.co.il       10376      e::fwk:fnd.framework.navigate.server.OANavigateP                                    
        28 ulerp02.tnuva.co.il       10375      e::fwk:fnd.framework.navigate.server.OANavigateP                                    
        41 ulerp02.tnuva.co.il       10377      e::fwk:fnd.framework.navigate.server.OANavigateP                                    

139 rows selected.


Idle connections for more than 3 hours
~~~~~~~~~~~~~~~~~~~~~~~~~~~~~~~~

  COUNT(*) Machine Name              PROGRAM                                                                                        
---------- ------------------------- ------------------------------------------------                                               
        73 ulerp02.tnuva.co.il       JDBC Thin Client                                                                               


Active connections which are taking more than 10 min to run
~~~~~~~~~~~~~~~~~~~~~~~~~~~~~~~~

Instance ID SADDR              SID    SERIAL#     AUDSID PADDR                 USER# USERNAME      COMMAND    OWNERID               
----------- ---------------- ----- ---------- ---------- ---------------- ---------- ---------- ---------- ----------               
TADDR            LOCKWAIT         STATUS   SERVER       SCHEMA# SCHEMANAME                     OSUSER                               
---------------- ---------------- -------- --------- ---------- ------------------------------ ------------------------------       
Process ID Machine Name              TERMINAL                       PROGRAM                                          TYPE           
---------- ------------------------- ------------------------------ ------------------------------------------------ ----------     
SQL_ADDRESS      SQL_HASH_VALUE SQL_ID        SQL_CHILD_NUMBER SQL_EXEC_START  SQL_EXEC_ID PREV_SQL_ADDR    PREV_HASH_VALUE         
---------------- -------------- ------------- ---------------- --------------- ----------- ---------------- ---------------         
PREV_SQL_ID   PREV_CHILD_NUMBER PREV_EXEC_START PREV_EXEC_ID PLSQL_ENTRY_OBJECT_ID PLSQL_ENTRY_SUBPROGRAM_ID PLSQL_OBJECT_ID        
------------- ----------------- --------------- ------------ --------------------- ------------------------- ---------------        
PLSQL_SUBPROGRAM_ID Module Name                                      MODULE_HASH ACTION                           ACTION_HASH       
------------------- ------------------------------------------------ ----------- -------------------------------- -----------       
CLIENT_INFO                                                      FIXED_TABLE_SEQUENCE ROW_WAIT_OBJ# ROW_WAIT_FILE# ROW_WAIT_BLOCK#  
---------------------------------------------------------------- -------------------- ------------- -------------- ---------------  
ROW_WAIT_ROW# LOGON_TIME      LAST_CALL_ET PDM FAILOVER_TYPE FAILOVER_M FAI RESOURCE_CONSUMER_GROUP          PDML_STA PDDL_STA      
------------- --------------- ------------ --- ------------- ---------- --- -------------------------------- -------- --------      
PQ_STATU CURRENT_QUEUE_DURATION CLIENT_IDENTIFIER                                                BLOCKING_SE BLOCKING_INSTANCE      
-------- ---------------------- ---------------------------------------------------------------- ----------- -----------------      
BLOCKING_SESSION       SEQ#     EVENT# EVENT                                                                                        
---------------- ---------- ---------- ----------------------------------------------------------------                             
P1TEXT                                                                   P1 P1RAW                                                   
---------------------------------------------------------------- ---------- ----------------                                        
P2TEXT                                                                   P2 P2RAW                                                   
---------------------------------------------------------------- ---------- ----------------                                        
P3TEXT                                                                   P3 P3RAW            WAIT_CLASS_ID WAIT_CLASS#              
---------------------------------------------------------------- ---------- ---------------- ------------- -----------              
WAIT_CLASS                                                        WAIT_TIME SECONDS_IN_WAIT STATE               WAIT_TIME_MICRO     
---------------------------------------------------------------- ---------- --------------- ------------------- ---------------     
TIME_REMAINING_MICRO TIME_SINCE_LAST_WAIT_MICRO SERVICE_NAME                                                     SQL_TRAC SQL_T     
-------------------- -------------------------- ---------------------------------------------------------------- -------- -----     
SQL_T SQL_TRACE_ SESSION_EDITION_ID CREATOR_ADDR     CREATOR_SERIAL#                                                                
----- ---------- ------------------ ---------------- ---------------                                                                
          1 0000000EC8F25320  2351         12  111824347 0000000F18AF8EF0        173 APPS               47 2147483644               
0000000F1CB00288                  ACTIVE   DEDICATED        173 APPS                           applprd                              
13452      ulerp02.tnuva.co.il       unknown                        JDBC Thin Client                                 USER           
0000000EFFB5CAF0      252511374 497wh6n7hu14f                0 06-JUL-14          16777221 0000000EEFBDA440      2834499495         
gaf2hsang61x7                 0 06-JUL-14           16777219                176260                         9            2441        
                  7 XDP_APPL_SVC                                      2752441445 Service Management                2600032735       
82                                                    0                        311039       1465666             81          765235  
            0 06-JUL-14             229576 NO  NONE          NONE       NO                                   DISABLED ENABLED       
ENABLED                       0                                                                  UNKNOWN                            
                      25373        327 Streams AQ: waiting for messages in the queue                                                
queue id                                                            1465689 0000000000165D59                                        
process#                                                         6.4839E+10 0000000F18AF93A0                                        
wait time                                                                10 000000000000000A    2723168908           6              
Idle                                                                      0               7 WAITING                     7048339     
             2951661                          0 SYS$USERS                                                        DISABLED FALSE     
FALSE FIRST EXEC             468029 0000000F18AF8EF0               1                                                                
                                                                                                                                    


Statements from JDBC connections taking more than 10 min to run
~~~~~~~~~~~~~~~~~~~~~~~~~~~~~~~~

Process ID   SID SQL_TEXT                                                                                                           
---------- ----- --------------------------------------------------                                                                 
13452       2351 BEGIN FND_CP_GSM_IPC.Get_Message(:1,:2,:3,:4,:5,:6                                                                 
                 ,:7,:8,:9,:10); END;                                                                                               
                                                                                                                                    


Active connections which are taking more than 20 min to run
~~~~~~~~~~~~~~~~~~~~~~~~~~~~~~~~

Instance ID SADDR              SID    SERIAL#     AUDSID PADDR                 USER# USERNAME      COMMAND    OWNERID               
----------- ---------------- ----- ---------- ---------- ---------------- ---------- ---------- ---------- ----------               
TADDR            LOCKWAIT         STATUS   SERVER       SCHEMA# SCHEMANAME                     OSUSER                               
---------------- ---------------- -------- --------- ---------- ------------------------------ ------------------------------       
Process ID Machine Name              TERMINAL                       PROGRAM                                          TYPE           
---------- ------------------------- ------------------------------ ------------------------------------------------ ----------     
SQL_ADDRESS      SQL_HASH_VALUE SQL_ID        SQL_CHILD_NUMBER SQL_EXEC_START  SQL_EXEC_ID PREV_SQL_ADDR    PREV_HASH_VALUE         
---------------- -------------- ------------- ---------------- --------------- ----------- ---------------- ---------------         
PREV_SQL_ID   PREV_CHILD_NUMBER PREV_EXEC_START PREV_EXEC_ID PLSQL_ENTRY_OBJECT_ID PLSQL_ENTRY_SUBPROGRAM_ID PLSQL_OBJECT_ID        
------------- ----------------- --------------- ------------ --------------------- ------------------------- ---------------        
PLSQL_SUBPROGRAM_ID Module Name                                      MODULE_HASH ACTION                           ACTION_HASH       
------------------- ------------------------------------------------ ----------- -------------------------------- -----------       
CLIENT_INFO                                                      FIXED_TABLE_SEQUENCE ROW_WAIT_OBJ# ROW_WAIT_FILE# ROW_WAIT_BLOCK#  
---------------------------------------------------------------- -------------------- ------------- -------------- ---------------  
ROW_WAIT_ROW# LOGON_TIME      LAST_CALL_ET PDM FAILOVER_TYPE FAILOVER_M FAI RESOURCE_CONSUMER_GROUP          PDML_STA PDDL_STA      
------------- --------------- ------------ --- ------------- ---------- --- -------------------------------- -------- --------      
PQ_STATU CURRENT_QUEUE_DURATION CLIENT_IDENTIFIER                                                BLOCKING_SE BLOCKING_INSTANCE      
-------- ---------------------- ---------------------------------------------------------------- ----------- -----------------      
BLOCKING_SESSION       SEQ#     EVENT# EVENT                                                                                        
---------------- ---------- ---------- ----------------------------------------------------------------                             
P1TEXT                                                                   P1 P1RAW                                                   
---------------------------------------------------------------- ---------- ----------------                                        
P2TEXT                                                                   P2 P2RAW                                                   
---------------------------------------------------------------- ---------- ----------------                                        
P3TEXT                                                                   P3 P3RAW            WAIT_CLASS_ID WAIT_CLASS#              
---------------------------------------------------------------- ---------- ---------------- ------------- -----------              
WAIT_CLASS                                                        WAIT_TIME SECONDS_IN_WAIT STATE               WAIT_TIME_MICRO     
---------------------------------------------------------------- ---------- --------------- ------------------- ---------------     
TIME_REMAINING_MICRO TIME_SINCE_LAST_WAIT_MICRO SERVICE_NAME                                                     SQL_TRAC SQL_T     
-------------------- -------------------------- ---------------------------------------------------------------- -------- -----     
SQL_T SQL_TRACE_ SESSION_EDITION_ID CREATOR_ADDR     CREATOR_SERIAL#                                                                
----- ---------- ------------------ ---------------- ---------------                                                                
          1 0000000EC8F25320  2351         12  111824347 0000000F18AF8EF0        173 APPS               47 2147483644               
0000000F1CB00288                  ACTIVE   DEDICATED        173 APPS                           applprd                              
13452      ulerp02.tnuva.co.il       unknown                        JDBC Thin Client                                 USER           
0000000EFFB5CAF0      252511374 497wh6n7hu14f                0 06-JUL-14          16777221 0000000EEFBDA440      2834499495         
gaf2hsang61x7                 0 06-JUL-14           16777219                176260                         9            2441        
                  7 XDP_APPL_SVC                                      2752441445 Service Management                2600032735       
82                                                    0                        311039       1465666             81          765235  
            0 06-JUL-14             229576 NO  NONE          NONE       NO                                   DISABLED ENABLED       
ENABLED                       0                                                                  UNKNOWN                            
                      25373        327 Streams AQ: waiting for messages in the queue                                                
queue id                                                            1465689 0000000000165D59                                        
process#                                                         6.4839E+10 0000000F18AF93A0                                        
wait time                                                                10 000000000000000A    2723168908           6              
Idle                                                                      0               7 WAITING                     7071324     
             2928676                          0 SYS$USERS                                                        DISABLED FALSE     
FALSE FIRST EXEC             468029 0000000F18AF8EF0               1                                                                
                                                                                                                                    


Statements from JDBC connections taking more than 20 min to run
~~~~~~~~~~~~~~~~~~~~~~~~~~~~~~~~

Process ID   SID SQL_TEXT                                                                                                           
---------- ----- --------------------------------------------------                                                                 
13452       2351 BEGIN FND_CP_GSM_IPC.Get_Message(:1,:2,:3,:4,:5,:6                                                                 
                 ,:7,:8,:9,:10); END;                                                                                               
                                                                                                                                    


Active connections which are taking more than 30 min to run
~~~~~~~~~~~~~~~~~~~~~~~~~~~~~~~~

Instance ID SADDR              SID    SERIAL#     AUDSID PADDR                 USER# USERNAME      COMMAND    OWNERID               
----------- ---------------- ----- ---------- ---------- ---------------- ---------- ---------- ---------- ----------               
TADDR            LOCKWAIT         STATUS   SERVER       SCHEMA# SCHEMANAME                     OSUSER                               
---------------- ---------------- -------- --------- ---------- ------------------------------ ------------------------------       
Process ID Machine Name              TERMINAL                       PROGRAM                                          TYPE           
---------- ------------------------- ------------------------------ ------------------------------------------------ ----------     
SQL_ADDRESS      SQL_HASH_VALUE SQL_ID        SQL_CHILD_NUMBER SQL_EXEC_START  SQL_EXEC_ID PREV_SQL_ADDR    PREV_HASH_VALUE         
---------------- -------------- ------------- ---------------- --------------- ----------- ---------------- ---------------         
PREV_SQL_ID   PREV_CHILD_NUMBER PREV_EXEC_START PREV_EXEC_ID PLSQL_ENTRY_OBJECT_ID PLSQL_ENTRY_SUBPROGRAM_ID PLSQL_OBJECT_ID        
------------- ----------------- --------------- ------------ --------------------- ------------------------- ---------------        
PLSQL_SUBPROGRAM_ID Module Name                                      MODULE_HASH ACTION                           ACTION_HASH       
------------------- ------------------------------------------------ ----------- -------------------------------- -----------       
CLIENT_INFO                                                      FIXED_TABLE_SEQUENCE ROW_WAIT_OBJ# ROW_WAIT_FILE# ROW_WAIT_BLOCK#  
---------------------------------------------------------------- -------------------- ------------- -------------- ---------------  
ROW_WAIT_ROW# LOGON_TIME      LAST_CALL_ET PDM FAILOVER_TYPE FAILOVER_M FAI RESOURCE_CONSUMER_GROUP          PDML_STA PDDL_STA      
------------- --------------- ------------ --- ------------- ---------- --- -------------------------------- -------- --------      
PQ_STATU CURRENT_QUEUE_DURATION CLIENT_IDENTIFIER                                                BLOCKING_SE BLOCKING_INSTANCE      
-------- ---------------------- ---------------------------------------------------------------- ----------- -----------------      
BLOCKING_SESSION       SEQ#     EVENT# EVENT                                                                                        
---------------- ---------- ---------- ----------------------------------------------------------------                             
P1TEXT                                                                   P1 P1RAW                                                   
---------------------------------------------------------------- ---------- ----------------                                        
P2TEXT                                                                   P2 P2RAW                                                   
---------------------------------------------------------------- ---------- ----------------                                        
P3TEXT                                                                   P3 P3RAW            WAIT_CLASS_ID WAIT_CLASS#              
---------------------------------------------------------------- ---------- ---------------- ------------- -----------              
WAIT_CLASS                                                        WAIT_TIME SECONDS_IN_WAIT STATE               WAIT_TIME_MICRO     
---------------------------------------------------------------- ---------- --------------- ------------------- ---------------     
TIME_REMAINING_MICRO TIME_SINCE_LAST_WAIT_MICRO SERVICE_NAME                                                     SQL_TRAC SQL_T     
-------------------- -------------------------- ---------------------------------------------------------------- -------- -----     
SQL_T SQL_TRACE_ SESSION_EDITION_ID CREATOR_ADDR     CREATOR_SERIAL#                                                                
----- ---------- ------------------ ---------------- ---------------                                                                
          1 0000000EC8F25320  2351         12  111824347 0000000F18AF8EF0        173 APPS               47 2147483644               
0000000F1CB00288                  ACTIVE   DEDICATED        173 APPS                           applprd                              
13452      ulerp02.tnuva.co.il       unknown                        JDBC Thin Client                                 USER           
0000000EFFB5CAF0      252511374 497wh6n7hu14f                0 06-JUL-14          16777221 0000000EEFBDA440      2834499495         
gaf2hsang61x7                 0 06-JUL-14           16777219                176260                         9            2441        
                  7 XDP_APPL_SVC                                      2752441445 Service Management                2600032735       
82                                                    0                        311039       1465666             81          765235  
            0 06-JUL-14             229576 NO  NONE          NONE       NO                                   DISABLED ENABLED       
ENABLED                       0                                                                  UNKNOWN                            
                      25373        327 Streams AQ: waiting for messages in the queue                                                
queue id                                                            1465689 0000000000165D59                                        
process#                                                         6.4839E+10 0000000F18AF93A0                                        
wait time                                                                10 000000000000000A    2723168908           6              
Idle                                                                      0               7 WAITING                     7088598     
             2911402                          0 SYS$USERS                                                        DISABLED FALSE     
FALSE FIRST EXEC             468029 0000000F18AF8EF0               1                                                                
                                                                                                                                    


Statements from JDBC connections taking more than 30 min to run
~~~~~~~~~~~~~~~~~~~~~~~~~~~~~~~~

Process ID   SID SQL_TEXT                                                                                                           
---------- ----- --------------------------------------------------                                                                 
13452       2351 BEGIN FND_CP_GSM_IPC.Get_Message(:1,:2,:3,:4,:5,:6                                                                 
                 ,:7,:8,:9,:10); END;                                                                                               
                                                                                                                                    


Inactive connections which last ran fnd_security_pkg.fnd_encrypted_pwd
~~~~~~~~~~~~~~~~~~~~~~~~~~~~~~~~

no rows selected

=======================================================
SQL> spo off
